<?xml version="1.0" encoding="UTF-8"?>
<!-- Generated by org.testng.reporters.JUnitXMLReporter -->
<testsuite ignored="0" hostname="Ritesh" failures="1" tests="2" name="ErrorValidationTest" time="17.198" errors="0" timestamp="2023-12-28T12:30:46 IST">
  <testcase classname="automation.tests.ErrorValidationTest" name="LoginErrorValidation" time="0.478"/>
  <testcase classname="automation.tests.ErrorValidationTest" name="productErrorValidation" time="13.42">
    <failure type="java.lang.AssertionError" message="Expected product not available in the cart expected [true] but found [false]">
      <![CDATA[java.lang.AssertionError: Expected product not available in the cart expected [true] but found [false]
at automation.tests.ErrorValidationTest.productErrorValidation(ErrorValidationTest.java:24)
at java.base/java.util.ArrayList.forEach(ArrayList.java:1511)
... Removed 30 stack frames]]>
    </failure>
  </testcase> <!-- productErrorValidation -->
</testsuite> <!-- ErrorValidationTest -->
